-------------------------------------------------------------------------------
Test set: com.generated.microservice.controller.EmployeeControllerTest
-------------------------------------------------------------------------------
Tests run: 2, Failures: 1, Errors: 0, Skipped: 0, Time elapsed: 3.288 s <<< FAILURE! -- in com.generated.microservice.controller.EmployeeControllerTest
com.generated.microservice.controller.EmployeeControllerTest.searchEmployeesByPhoto_returnsOkAndEmployeeList -- Time elapsed: 0.062 s <<< FAILURE!
org.opentest4j.AssertionFailedError: expected: <[Employee(id=1, employeeId=null, name=null, contactInformation=null)]> but was: <[]>
	at org.junit.jupiter.api.AssertionFailureBuilder.build(AssertionFailureBuilder.java:151)
	at org.junit.jupiter.api.AssertionFailureBuilder.buildAndThrow(AssertionFailureBuilder.java:132)
	at org.junit.jupiter.api.AssertEquals.failNotEqual(AssertEquals.java:197)
	at org.junit.jupiter.api.AssertEquals.assertEquals(AssertEquals.java:182)
	at org.junit.jupiter.api.AssertEquals.assertEquals(AssertEquals.java:177)
	at org.junit.jupiter.api.Assertions.assertEquals(Assertions.java:1145)
	at com.generated.microservice.controller.EmployeeControllerTest.searchEmployeesByPhoto_returnsOkAndEmployeeList(EmployeeControllerTest.java:56)
	at java.base/java.lang.reflect.Method.invoke(Method.java:580)
	at java.base/java.util.ArrayList.forEach(ArrayList.java:1596)
	at java.base/java.util.ArrayList.forEach(ArrayList.java:1596)

