-------------------------------------------------------------------------------
Test set: com.generated.microservice.repository.MaterialRepositoryTest
-------------------------------------------------------------------------------
Tests run: 1, Failures: 0, Errors: 1, Skipped: 0, Time elapsed: 0.110 s <<< FAILURE! -- in com.generated.microservice.repository.MaterialRepositoryTest
com.generated.microservice.repository.MaterialRepositoryTest -- Time elapsed: 0.110 s <<< ERROR!
java.lang.IllegalStateException: Configuration error: found multiple declarations of @BootstrapWith for test class [com.generated.microservice.repository.MaterialRepositoryTest]: [@org.springframework.test.context.BootstrapWith(value=org.springframework.boot.test.context.SpringBootTestContextBootstrapper.class), @org.springframework.test.context.BootstrapWith(value=org.springframework.boot.test.autoconfigure.data.mongo.DataMongoTestContextBootstrapper.class)]
	at org.springframework.test.context.BootstrapUtils.resolveExplicitTestContextBootstrapper(BootstrapUtils.java:194)
	at org.springframework.test.context.BootstrapUtils.resolveTestContextBootstrapper(BootstrapUtils.java:150)
	at org.springframework.test.context.BootstrapUtils.resolveTestContextBootstrapper(BootstrapUtils.java:126)
	at org.springframework.test.context.TestContextManager.<init>(TestContextManager.java:126)
	at org.springframework.test.context.junit.jupiter.SpringExtension.getTestContextManager(SpringExtension.java:362)
	at org.springframework.test.context.junit.jupiter.SpringExtension.beforeAll(SpringExtension.java:128)
	at java.base/java.util.ArrayList.forEach(ArrayList.java:1596)

