<?xml version="1.0" encoding="UTF-8"?>
<testsuite xmlns:xsi="http://www.w3.org/2001/XMLSchema-instance" xsi:noNamespaceSchemaLocation="https://maven.apache.org/surefire/maven-surefire-plugin/xsd/surefire-test-report.xsd" version="3.0.2" name="com.generated.microservice.service.EmployeeServiceTest" time="0.49" tests="6" errors="0" skipped="0" failures="0">
  <properties>
[...]
</properties>
  <testcase name="getEmployeeById_shouldReturnEmployee_whenIdExists" classname="com.generated.microservice.service.EmployeeServiceTest" time="0.443"/>
  <testcase name="getAllEmployees_shouldReturnListOfAllEmployees" classname="com.generated.microservice.service.EmployeeServiceTest" time="0.005"/>
  <testcase name="updateEmployee_shouldUpdateEmployee_whenIdExists" classname="com.generated.microservice.service.EmployeeServiceTest" time="0.009"/>
  <testcase name="createEmployee_shouldSaveEmployee" classname="com.generated.microservice.service.EmployeeServiceTest" time="0.005"/>
  <testcase name="findByName_shouldReturnListOfEmployees_whenNameExists" classname="com.generated.microservice.service.EmployeeServiceTest" time="0.007"/>
  <testcase name="deleteEmployee_shouldDeleteEmployee_whenIdExists" classname="com.generated.microservice.service.EmployeeServiceTest" time="0.007"/>
</testsuite>